AndroidStudioStudy/1-TheFirstCode/10_LearnService/2_LearnService/app/build/intermediates/manifest_merge_blame_file/debug/manifest-merger-blame-debug-report.txt
1<?xml version="1.0" encoding="utf-8"?>
2<manifest xmlns:android="http://schemas.android.com/apk/res/android"
3    package="com.bo.a2_learnservice"
4    android:versionCode="1"
5    android:versionName="1.0" >
6
7    <uses-sdk
8        android:minSdkVersion="21"
8-->src\main\AndroidManifest.xml
9        android:targetSdkVersion="30" />
9-->src\main\AndroidManifest.xml
10
11    <uses-permission android:name="android.permission.FOREGROUND_SERVICE" />
11-->src\main\AndroidManifest.xml:5:5-76
11-->src\main\AndroidManifest.xml:5:22-74
12
13    <application
13-->src\main\AndroidManifest.xml:7:5-37:19
14        android:allowBackup="true"
14-->src\main\AndroidManifest.xml:8:9-35
15        android:appComponentFactory="androidx.core.app.CoreComponentFactory"
15-->[androidx.core:core:1.3.2] AndroidManifest.xml:24:18-86
16        android:debuggable="true"
17        android:icon="@mipmap/ic_launcher"
17-->src\main\AndroidManifest.xml:9:9-43
18        android:label="@string/app_name"
18-->src\main\AndroidManifest.xml:10:9-41
19        android:roundIcon="@mipmap/ic_launcher_round"
19-->src\main\AndroidManifest.xml:11:9-54
20        android:supportsRtl="true"
20-->src\main\AndroidManifest.xml:12:9-35
21        android:theme="@style/Theme.2_LearnService" >
21-->src\main\AndroidManifest.xml:13:9-52
22        <service
22-->src\main\AndroidManifest.xml:14:9-19:19
23            android:name="com.bo.a2_learnservice.MyService"
23-->src\main\AndroidManifest.xml:15:13-38
24            android:enabled="true"
24-->src\main\AndroidManifest.xml:16:13-35
25            android:exported="true" >
25-->src\main\AndroidManifest.xml:17:13-36
26
27            <!-- android:exported这个Service能不能被其他外部程序调用 -->
28        </service>
29        <service
29-->src\main\AndroidManifest.xml:21:9-26:19
30            android:name="com.bo.a2_learnservice.MyIntentService"
30-->src\main\AndroidManifest.xml:22:13-44
31            android:enabled="true"
31-->src\main\AndroidManifest.xml:23:13-35
32            android:exported="true" >
32-->src\main\AndroidManifest.xml:24:13-36
33
34            <!-- android:exported这个Service能不能被其他外部程序调用 -->
35        </service>
36
37        <activity
37-->src\main\AndroidManifest.xml:28:9-36:20
38            android:name="com.bo.a2_learnservice.MainActivity"
38-->src\main\AndroidManifest.xml:29:13-41
39            android:exported="true" >
39-->src\main\AndroidManifest.xml:30:13-36
40            <intent-filter>
40-->src\main\AndroidManifest.xml:31:13-35:29
41                <action android:name="android.intent.action.MAIN" />
41-->src\main\AndroidManifest.xml:32:17-69
41-->src\main\AndroidManifest.xml:32:25-66
42
43                <category android:name="android.intent.category.LAUNCHER" />
43-->src\main\AndroidManifest.xml:34:17-77
43-->src\main\AndroidManifest.xml:34:27-74
44            </intent-filter>
45        </activity>
46    </application>
47
48</manifest>